<?xml version="1.0" encoding="UTF-8"?>
<testsuite xmlns:xsi="http://www.w3.org/2001/XMLSchema-instance" xsi:noNamespaceSchemaLocation="https://maven.apache.org/surefire/maven-surefire-plugin/xsd/surefire-test-report-3.0.xsd" version="3.0" name="com.example.speech.AppTest" time="0.009" tests="1" errors="0" skipped="0" failures="0">
  <properties>
    <property name="java.specification.version" value="21"/>
    <property name="sun.jnu.encoding" value="UTF-8"/>
    <property name="java.class.path" value="/Users/aarushagrawal/Documents/dyslexiaApp/speech-to-text/target/test-classes:/Users/aarushagrawal/Documents/dyslexiaApp/speech-to-text/target/classes:/Users/aarushagrawal/.m2/repository/junit/junit/3.8.1/junit-3.8.1.jar:/Users/aarushagrawal/.m2/repository/com/google/cloud/google-cloud-speech/4.31.0/google-cloud-speech-4.31.0.jar:/Users/aarushagrawal/.m2/repository/com/google/api/grpc/proto-google-cloud-speech-v1p1beta1/2.31.0/proto-google-cloud-speech-v1p1beta1-2.31.0.jar:/Users/aarushagrawal/.m2/repository/com/google/api/grpc/proto-google-cloud-speech-v2/4.31.0/proto-google-cloud-speech-v2-4.31.0.jar:/Users/aarushagrawal/.m2/repository/com/google/api/grpc/proto-google-iam-v1/1.29.0/proto-google-iam-v1-1.29.0.jar:/Users/aarushagrawal/.m2/repository/com/google/api/grpc/proto-google-cloud-speech-v1beta1/2.31.0/proto-google-cloud-speech-v1beta1-2.31.0.jar:/Users/aarushagrawal/.m2/repository/com/google/api/grpc/proto-google-cloud-speech-v1/4.31.0/proto-google-cloud-speech-v1-4.31.0.jar:/Users/aarushagrawal/.m2/repository/com/google/api/api-common/2.26.0/api-common-2.26.0.jar:/Users/aarushagrawal/.m2/repository/com/google/auto/value/auto-value-annotations/1.10.4/auto-value-annotations-1.10.4.jar:/Users/aarushagrawal/.m2/repository/com/google/code/findbugs/jsr305/3.0.2/jsr305-3.0.2.jar:/Users/aarushagrawal/.m2/repository/javax/annotation/javax.annotation-api/1.3.2/javax.annotation-api-1.3.2.jar:/Users/aarushagrawal/.m2/repository/com/google/errorprone/error_prone_annotations/2.24.1/error_prone_annotations-2.24.1.jar:/Users/aarushagrawal/.m2/repository/com/google/guava/guava/32.1.3-jre/guava-32.1.3-jre.jar:/Users/aarushagrawal/.m2/repository/com/google/guava/failureaccess/1.0.1/failureaccess-1.0.1.jar:/Users/aarushagrawal/.m2/repository/com/google/guava/listenablefuture/9999.0-empty-to-avoid-conflict-with-guava/listenablefuture-9999.0-empty-to-avoid-conflict-with-guava.jar:/Users/aarushagrawal/.m2/repository/org/checkerframework/checker-qual/3.42.0/checker-qual-3.42.0.jar:/Users/aarushagrawal/.m2/repository/com/google/j2objc/j2objc-annotations/2.8/j2objc-annotations-2.8.jar:/Users/aarushagrawal/.m2/repository/io/grpc/grpc-api/1.61.1/grpc-api-1.61.1.jar:/Users/aarushagrawal/.m2/repository/io/grpc/grpc-stub/1.61.1/grpc-stub-1.61.1.jar:/Users/aarushagrawal/.m2/repository/io/grpc/grpc-protobuf/1.61.1/grpc-protobuf-1.61.1.jar:/Users/aarushagrawal/.m2/repository/io/grpc/grpc-protobuf-lite/1.61.1/grpc-protobuf-lite-1.61.1.jar:/Users/aarushagrawal/.m2/repository/com/google/protobuf/protobuf-java/3.25.2/protobuf-java-3.25.2.jar:/Users/aarushagrawal/.m2/repository/com/google/api/grpc/proto-google-common-protos/2.34.0/proto-google-common-protos-2.34.0.jar:/Users/aarushagrawal/.m2/repository/com/google/api/gax/2.43.0/gax-2.43.0.jar:/Users/aarushagrawal/.m2/repository/com/google/auth/google-auth-library-credentials/1.23.0/google-auth-library-credentials-1.23.0.jar:/Users/aarushagrawal/.m2/repository/io/opencensus/opencensus-api/0.31.1/opencensus-api-0.31.1.jar:/Users/aarushagrawal/.m2/repository/io/grpc/grpc-context/1.61.1/grpc-context-1.61.1.jar:/Users/aarushagrawal/.m2/repository/com/google/auth/google-auth-library-oauth2-http/1.23.0/google-auth-library-oauth2-http-1.23.0.jar:/Users/aarushagrawal/.m2/repository/com/google/api/gax-grpc/2.43.0/gax-grpc-2.43.0.jar:/Users/aarushagrawal/.m2/repository/io/grpc/grpc-inprocess/1.61.1/grpc-inprocess-1.61.1.jar:/Users/aarushagrawal/.m2/repository/io/grpc/grpc-core/1.61.1/grpc-core-1.61.1.jar:/Users/aarushagrawal/.m2/repository/com/google/android/annotations/4.1.1.4/annotations-4.1.1.4.jar:/Users/aarushagrawal/.m2/repository/org/codehaus/mojo/animal-sniffer-annotations/1.23/animal-sniffer-annotations-1.23.jar:/Users/aarushagrawal/.m2/repository/io/grpc/grpc-util/1.61.1/grpc-util-1.61.1.jar:/Users/aarushagrawal/.m2/repository/io/grpc/grpc-alts/1.61.1/grpc-alts-1.61.1.jar:/Users/aarushagrawal/.m2/repository/io/grpc/grpc-grpclb/1.61.1/grpc-grpclb-1.61.1.jar:/Users/aarushagrawal/.m2/repository/org/conscrypt/conscrypt-openjdk-uber/2.5.2/conscrypt-openjdk-uber-2.5.2.jar:/Users/aarushagrawal/.m2/repository/io/grpc/grpc-auth/1.61.1/grpc-auth-1.61.1.jar:/Users/aarushagrawal/.m2/repository/io/grpc/grpc-netty-shaded/1.61.1/grpc-netty-shaded-1.61.1.jar:/Users/aarushagrawal/.m2/repository/io/perfmark/perfmark-api/0.27.0/perfmark-api-0.27.0.jar:/Users/aarushagrawal/.m2/repository/io/grpc/grpc-googleapis/1.61.1/grpc-googleapis-1.61.1.jar:/Users/aarushagrawal/.m2/repository/io/grpc/grpc-xds/1.61.1/grpc-xds-1.61.1.jar:/Users/aarushagrawal/.m2/repository/io/opencensus/opencensus-proto/0.2.0/opencensus-proto-0.2.0.jar:/Users/aarushagrawal/.m2/repository/io/grpc/grpc-services/1.61.1/grpc-services-1.61.1.jar:/Users/aarushagrawal/.m2/repository/com/google/re2j/re2j/1.7/re2j-1.7.jar:/Users/aarushagrawal/.m2/repository/com/google/api/gax-httpjson/2.43.0/gax-httpjson-2.43.0.jar:/Users/aarushagrawal/.m2/repository/com/google/code/gson/gson/2.10.1/gson-2.10.1.jar:/Users/aarushagrawal/.m2/repository/com/google/http-client/google-http-client/1.44.1/google-http-client-1.44.1.jar:/Users/aarushagrawal/.m2/repository/org/apache/httpcomponents/httpclient/4.5.14/httpclient-4.5.14.jar:/Users/aarushagrawal/.m2/repository/commons-codec/commons-codec/1.16.1/commons-codec-1.16.1.jar:/Users/aarushagrawal/.m2/repository/org/apache/httpcomponents/httpcore/4.4.16/httpcore-4.4.16.jar:/Users/aarushagrawal/.m2/repository/io/opencensus/opencensus-contrib-http-util/0.31.1/opencensus-contrib-http-util-0.31.1.jar:/Users/aarushagrawal/.m2/repository/com/google/http-client/google-http-client-gson/1.44.1/google-http-client-gson-1.44.1.jar:/Users/aarushagrawal/.m2/repository/com/google/protobuf/protobuf-java-util/3.25.2/protobuf-java-util-3.25.2.jar:/Users/aarushagrawal/.m2/repository/org/threeten/threetenbp/1.6.8/threetenbp-1.6.8.jar:"/>
    <property name="java.vm.vendor" value="Eclipse Adoptium"/>
    <property name="sun.arch.data.model" value="64"/>
    <property name="java.vendor.url" value="https://adoptium.net/"/>
    <property name="os.name" value="Mac OS X"/>
    <property name="java.vm.specification.version" value="21"/>
    <property name="sun.java.launcher" value="SUN_STANDARD"/>
    <property name="user.country" value="US"/>
    <property name="sun.boot.library.path" value="/Library/Java/JavaVirtualMachines/temurin-21.jdk/Contents/Home/lib"/>
    <property name="sun.java.command" value="/Users/aarushagrawal/Documents/dyslexiaApp/speech-to-text/target/surefire/surefirebooter-20250807215511335_3.jar /Users/aarushagrawal/Documents/dyslexiaApp/speech-to-text/target/surefire 2025-08-07T21-55-11_101-jvmRun1 surefire-20250807215511335_1tmp surefire_0-20250807215511335_2tmp"/>
    <property name="http.nonProxyHosts" value="local|*.local|169.254/16|*.169.254/16"/>
    <property name="jdk.debug" value="release"/>
    <property name="surefire.test.class.path" value="/Users/aarushagrawal/Documents/dyslexiaApp/speech-to-text/target/test-classes:/Users/aarushagrawal/Documents/dyslexiaApp/speech-to-text/target/classes:/Users/aarushagrawal/.m2/repository/junit/junit/3.8.1/junit-3.8.1.jar:/Users/aarushagrawal/.m2/repository/com/google/cloud/google-cloud-speech/4.31.0/google-cloud-speech-4.31.0.jar:/Users/aarushagrawal/.m2/repository/com/google/api/grpc/proto-google-cloud-speech-v1p1beta1/2.31.0/proto-google-cloud-speech-v1p1beta1-2.31.0.jar:/Users/aarushagrawal/.m2/repository/com/google/api/grpc/proto-google-cloud-speech-v2/4.31.0/proto-google-cloud-speech-v2-4.31.0.jar:/Users/aarushagrawal/.m2/repository/com/google/api/grpc/proto-google-iam-v1/1.29.0/proto-google-iam-v1-1.29.0.jar:/Users/aarushagrawal/.m2/repository/com/google/api/grpc/proto-google-cloud-speech-v1beta1/2.31.0/proto-google-cloud-speech-v1beta1-2.31.0.jar:/Users/aarushagrawal/.m2/repository/com/google/api/grpc/proto-google-cloud-speech-v1/4.31.0/proto-google-cloud-speech-v1-4.31.0.jar:/Users/aarushagrawal/.m2/repository/com/google/api/api-common/2.26.0/api-common-2.26.0.jar:/Users/aarushagrawal/.m2/repository/com/google/auto/value/auto-value-annotations/1.10.4/auto-value-annotations-1.10.4.jar:/Users/aarushagrawal/.m2/repository/com/google/code/findbugs/jsr305/3.0.2/jsr305-3.0.2.jar:/Users/aarushagrawal/.m2/repository/javax/annotation/javax.annotation-api/1.3.2/javax.annotation-api-1.3.2.jar:/Users/aarushagrawal/.m2/repository/com/google/errorprone/error_prone_annotations/2.24.1/error_prone_annotations-2.24.1.jar:/Users/aarushagrawal/.m2/repository/com/google/guava/guava/32.1.3-jre/guava-32.1.3-jre.jar:/Users/aarushagrawal/.m2/repository/com/google/guava/failureaccess/1.0.1/failureaccess-1.0.1.jar:/Users/aarushagrawal/.m2/repository/com/google/guava/listenablefuture/9999.0-empty-to-avoid-conflict-with-guava/listenablefuture-9999.0-empty-to-avoid-conflict-with-guava.jar:/Users/aarushagrawal/.m2/repository/org/checkerframework/checker-qual/3.42.0/checker-qual-3.42.0.jar:/Users/aarushagrawal/.m2/repository/com/google/j2objc/j2objc-annotations/2.8/j2objc-annotations-2.8.jar:/Users/aarushagrawal/.m2/repository/io/grpc/grpc-api/1.61.1/grpc-api-1.61.1.jar:/Users/aarushagrawal/.m2/repository/io/grpc/grpc-stub/1.61.1/grpc-stub-1.61.1.jar:/Users/aarushagrawal/.m2/repository/io/grpc/grpc-protobuf/1.61.1/grpc-protobuf-1.61.1.jar:/Users/aarushagrawal/.m2/repository/io/grpc/grpc-protobuf-lite/1.61.1/grpc-protobuf-lite-1.61.1.jar:/Users/aarushagrawal/.m2/repository/com/google/protobuf/protobuf-java/3.25.2/protobuf-java-3.25.2.jar:/Users/aarushagrawal/.m2/repository/com/google/api/grpc/proto-google-common-protos/2.34.0/proto-google-common-protos-2.34.0.jar:/Users/aarushagrawal/.m2/repository/com/google/api/gax/2.43.0/gax-2.43.0.jar:/Users/aarushagrawal/.m2/repository/com/google/auth/google-auth-library-credentials/1.23.0/google-auth-library-credentials-1.23.0.jar:/Users/aarushagrawal/.m2/repository/io/opencensus/opencensus-api/0.31.1/opencensus-api-0.31.1.jar:/Users/aarushagrawal/.m2/repository/io/grpc/grpc-context/1.61.1/grpc-context-1.61.1.jar:/Users/aarushagrawal/.m2/repository/com/google/auth/google-auth-library-oauth2-http/1.23.0/google-auth-library-oauth2-http-1.23.0.jar:/Users/aarushagrawal/.m2/repository/com/google/api/gax-grpc/2.43.0/gax-grpc-2.43.0.jar:/Users/aarushagrawal/.m2/repository/io/grpc/grpc-inprocess/1.61.1/grpc-inprocess-1.61.1.jar:/Users/aarushagrawal/.m2/repository/io/grpc/grpc-core/1.61.1/grpc-core-1.61.1.jar:/Users/aarushagrawal/.m2/repository/com/google/android/annotations/4.1.1.4/annotations-4.1.1.4.jar:/Users/aarushagrawal/.m2/repository/org/codehaus/mojo/animal-sniffer-annotations/1.23/animal-sniffer-annotations-1.23.jar:/Users/aarushagrawal/.m2/repository/io/grpc/grpc-util/1.61.1/grpc-util-1.61.1.jar:/Users/aarushagrawal/.m2/repository/io/grpc/grpc-alts/1.61.1/grpc-alts-1.61.1.jar:/Users/aarushagrawal/.m2/repository/io/grpc/grpc-grpclb/1.61.1/grpc-grpclb-1.61.1.jar:/Users/aarushagrawal/.m2/repository/org/conscrypt/conscrypt-openjdk-uber/2.5.2/conscrypt-openjdk-uber-2.5.2.jar:/Users/aarushagrawal/.m2/repository/io/grpc/grpc-auth/1.61.1/grpc-auth-1.61.1.jar:/Users/aarushagrawal/.m2/repository/io/grpc/grpc-netty-shaded/1.61.1/grpc-netty-shaded-1.61.1.jar:/Users/aarushagrawal/.m2/repository/io/perfmark/perfmark-api/0.27.0/perfmark-api-0.27.0.jar:/Users/aarushagrawal/.m2/repository/io/grpc/grpc-googleapis/1.61.1/grpc-googleapis-1.61.1.jar:/Users/aarushagrawal/.m2/repository/io/grpc/grpc-xds/1.61.1/grpc-xds-1.61.1.jar:/Users/aarushagrawal/.m2/repository/io/opencensus/opencensus-proto/0.2.0/opencensus-proto-0.2.0.jar:/Users/aarushagrawal/.m2/repository/io/grpc/grpc-services/1.61.1/grpc-services-1.61.1.jar:/Users/aarushagrawal/.m2/repository/com/google/re2j/re2j/1.7/re2j-1.7.jar:/Users/aarushagrawal/.m2/repository/com/google/api/gax-httpjson/2.43.0/gax-httpjson-2.43.0.jar:/Users/aarushagrawal/.m2/repository/com/google/code/gson/gson/2.10.1/gson-2.10.1.jar:/Users/aarushagrawal/.m2/repository/com/google/http-client/google-http-client/1.44.1/google-http-client-1.44.1.jar:/Users/aarushagrawal/.m2/repository/org/apache/httpcomponents/httpclient/4.5.14/httpclient-4.5.14.jar:/Users/aarushagrawal/.m2/repository/commons-codec/commons-codec/1.16.1/commons-codec-1.16.1.jar:/Users/aarushagrawal/.m2/repository/org/apache/httpcomponents/httpcore/4.4.16/httpcore-4.4.16.jar:/Users/aarushagrawal/.m2/repository/io/opencensus/opencensus-contrib-http-util/0.31.1/opencensus-contrib-http-util-0.31.1.jar:/Users/aarushagrawal/.m2/repository/com/google/http-client/google-http-client-gson/1.44.1/google-http-client-gson-1.44.1.jar:/Users/aarushagrawal/.m2/repository/com/google/protobuf/protobuf-java-util/3.25.2/protobuf-java-util-3.25.2.jar:/Users/aarushagrawal/.m2/repository/org/threeten/threetenbp/1.6.8/threetenbp-1.6.8.jar:"/>
    <property name="sun.cpu.endian" value="little"/>
    <property name="user.home" value="/Users/aarushagrawal"/>
    <property name="user.language" value="en"/>
    <property name="java.specification.vendor" value="Oracle Corporation"/>
    <property name="java.version.date" value="2024-10-15"/>
    <property name="java.home" value="/Library/Java/JavaVirtualMachines/temurin-21.jdk/Contents/Home"/>
    <property name="file.separator" value="/"/>
    <property name="basedir" value="/Users/aarushagrawal/Documents/dyslexiaApp/speech-to-text"/>
    <property name="java.vm.compressedOopsMode" value="Zero based"/>
    <property name="line.separator" value="&#10;"/>
    <property name="java.vm.specification.vendor" value="Oracle Corporation"/>
    <property name="java.specification.name" value="Java Platform API Specification"/>
    <property name="apple.awt.application.name" value="ForkedBooter"/>
    <property name="surefire.real.class.path" value="/Users/aarushagrawal/Documents/dyslexiaApp/speech-to-text/target/surefire/surefirebooter-20250807215511335_3.jar"/>
    <property name="sun.management.compiler" value="HotSpot 64-Bit Tiered Compilers"/>
    <property name="ftp.nonProxyHosts" value="local|*.local|169.254/16|*.169.254/16"/>
    <property name="java.runtime.version" value="21.0.5+11-LTS"/>
    <property name="user.name" value="aarushagrawal"/>
    <property name="stdout.encoding" value="UTF-8"/>
    <property name="path.separator" value=":"/>
    <property name="os.version" value="14.3"/>
    <property name="java.runtime.name" value="OpenJDK Runtime Environment"/>
    <property name="file.encoding" value="UTF-8"/>
    <property name="java.vm.name" value="OpenJDK 64-Bit Server VM"/>
    <property name="java.vendor.version" value="Temurin-21.0.5+11"/>
    <property name="localRepository" value="/Users/aarushagrawal/.m2/repository"/>
    <property name="java.vendor.url.bug" value="https://github.com/adoptium/adoptium-support/issues"/>
    <property name="java.io.tmpdir" value="/var/folders/ny/xdc_t2sd7ys9vwfsr_twvjnc0000gn/T/"/>
    <property name="java.version" value="21.0.5"/>
    <property name="user.dir" value="/Users/aarushagrawal/Documents/dyslexiaApp/speech-to-text"/>
    <property name="os.arch" value="aarch64"/>
    <property name="java.vm.specification.name" value="Java Virtual Machine Specification"/>
    <property name="native.encoding" value="UTF-8"/>
    <property name="java.library.path" value="/Users/aarushagrawal/Library/Java/Extensions:/Library/Java/Extensions:/Network/Library/Java/Extensions:/System/Library/Java/Extensions:/usr/lib/java:."/>
    <property name="java.vm.info" value="mixed mode, sharing"/>
    <property name="stderr.encoding" value="UTF-8"/>
    <property name="java.vendor" value="Eclipse Adoptium"/>
    <property name="java.vm.version" value="21.0.5+11-LTS"/>
    <property name="sun.io.unicode.encoding" value="UnicodeBig"/>
    <property name="socksNonProxyHosts" value="local|*.local|169.254/16|*.169.254/16"/>
    <property name="java.class.version" value="65.0"/>
  </properties>
  <testcase name="testApp" classname="com.example.speech.AppTest" time="0.001"/>
</testsuite>